[debug] [2023-03-04T01:42:13.358Z] ----------------------------------------------------------------------
[debug] [2023-03-04T01:42:13.360Z] Command:       /opt/homebrew/Cellar/node/19.3.0/bin/node /opt/homebrew/bin/firebase init
[debug] [2023-03-04T01:42:13.360Z] CLI Version:   11.24.0
[debug] [2023-03-04T01:42:13.360Z] Platform:      darwin
[debug] [2023-03-04T01:42:13.360Z] Node Version:  v19.3.0
[debug] [2023-03-04T01:42:13.360Z] Time:          Fri Mar 03 2023 20:42:13 GMT-0500 (Eastern Standard Time)
[debug] [2023-03-04T01:42:13.360Z] ----------------------------------------------------------------------
[debug] 
[debug] [2023-03-04T01:42:13.363Z] > command requires scopes: ["email","openid","https://www.googleapis.com/auth/cloudplatformprojects.readonly","https://www.googleapis.com/auth/firebase","https://www.googleapis.com/auth/cloud-platform"]
[debug] [2023-03-04T01:42:13.363Z] > authorizing via signed-in user (evandro@delga.tech)
[info] 
     ######## #### ########  ######## ########     ###     ######  ########
     ##        ##  ##     ## ##       ##     ##  ##   ##  ##       ##
     ######    ##  ########  ######   ########  #########  ######  ######
     ##        ##  ##    ##  ##       ##     ## ##     ##       ## ##
     ##       #### ##     ## ######## ########  ##     ##  ######  ########

You're about to initialize a Firebase project in this directory:

  /Users/evandrodelgado/Documents/GitHub/univ-santiago

[info] 
=== Project Setup
[info] 
[info] First, let's associate this project directory with a Firebase project.
[info] You can create multiple project aliases by running firebase use --add, 
[info] but for now we'll just set up a default project.
[info] 
[debug] [2023-03-04T01:42:35.655Z] > refreshing access token with scopes: []
[debug] [2023-03-04T01:42:35.658Z] >>> [apiv2][query] POST https://www.googleapis.com/oauth2/v3/token [none]
[debug] [2023-03-04T01:42:35.658Z] >>> [apiv2][body] POST https://www.googleapis.com/oauth2/v3/token [omitted]
[debug] [2023-03-04T01:42:35.889Z] <<< [apiv2][status] POST https://www.googleapis.com/oauth2/v3/token 200
[debug] [2023-03-04T01:42:35.890Z] <<< [apiv2][body] POST https://www.googleapis.com/oauth2/v3/token [omitted]
[debug] [2023-03-04T01:42:35.902Z] >>> [apiv2][query] GET https://firebase.googleapis.com/v1beta1/projects pageSize=100
[debug] [2023-03-04T01:42:36.366Z] <<< [apiv2][status] GET https://firebase.googleapis.com/v1beta1/projects 200
[debug] [2023-03-04T01:42:36.366Z] <<< [apiv2][body] GET https://firebase.googleapis.com/v1beta1/projects [omitted]
[info] i  Using project usantiago-web (USWEB) 
[info] 
=== Hosting Setup
[info] 
[info] Your public directory is the folder (relative to your project directory) that
[info] will contain Hosting assets to be uploaded with firebase deploy. If you
[info] have a build process for your assets, use your build's output directory.
[info] 
[info] ✔  Wrote public/404.html 
[debug] [2023-03-04T01:43:44.930Z] >>> [apiv2][query] GET https://www.gstatic.com/firebasejs/releases.json [none]
[debug] [2023-03-04T01:43:45.049Z] <<< [apiv2][status] GET https://www.gstatic.com/firebasejs/releases.json 200
[debug] [2023-03-04T01:43:45.049Z] <<< [apiv2][body] GET https://www.gstatic.com/firebasejs/releases.json {"current":{"version":"9.17.2","browserURL":"https://www.gstatic.com/firebasejs/9.17.2/firebase.js","packageURL":"https://www.gstatic.com/firebasejs/9.17.2/firebase.tgz"},"live":{"version":"9.17","browserURL":"https://www.gstatic.com/firebasejs/live/9.17/firebase.js","packageURL":"https://www.gstatic.com/firebasejs/live/9.17/firebase.tgz"},"components":{"analytics":"https://www.gstatic.com/firebasejs/9.17.2/firebase-analytics.js","app":"https://www.gstatic.com/firebasejs/9.17.2/firebase-app.js","app-check":"https://www.gstatic.com/firebasejs/9.17.2/firebase-app-check.js","auth":"https://www.gstatic.com/firebasejs/9.17.2/firebase-auth.js","auth/cordova":"https://www.gstatic.com/firebasejs/9.17.2/firebase-auth/cordova.js","auth/react-native":"https://www.gstatic.com/firebasejs/9.17.2/firebase-auth/react-native.js","functions":"https://www.gstatic.com/firebasejs/9.17.2/firebase-functions.js","firestore":"https://www.gstatic.com/firebasejs/9.17.2/firebase-firestore.js","firestore/lite":"https://www.gstatic.com/firebasejs/9.17.2/firebase-firestore/lite.js","installations":"https://www.gstatic.com/firebasejs/9.17.2/firebase-installations.js","storage":"https://www.gstatic.com/firebasejs/9.17.2/firebase-storage.js","performance":"https://www.gstatic.com/firebasejs/9.17.2/firebase-performance.js","remote-config":"https://www.gstatic.com/firebasejs/9.17.2/firebase-remote-config.js","messaging":"https://www.gstatic.com/firebasejs/9.17.2/firebase-messaging.js","messaging/sw":"https://www.gstatic.com/firebasejs/9.17.2/firebase-messaging/sw.js","database":"https://www.gstatic.com/firebasejs/9.17.2/firebase-database.js","firestore.memory":"https://www.gstatic.com/firebasejs/9.17.2/firebase-firestore.memory.js"}}
[info] ✔  Wrote public/index.html 
[info] 
[info] i  Detected a .git folder at /Users/evandrodelgado/Documents/GitHub/univ-santiago 
[info] i  Authorizing with GitHub to upload your service account to a GitHub repository's secrets store. 
[info] 
[info] Visit this URL on this device to log in:
[info] https://github.com/login/oauth/authorize?client_id=89cf50f02ac6aaed3484&state=834881566&redirect_uri=http%3A%2F%2Flocalhost%3A9005&scope=read%3Auser%20repo%20public_repo
[info] 
[info] Waiting for authentication...
[debug] [2023-03-04T01:43:45.420Z] >>> [apiv2][query] POST https://github.com/login/oauth/access_token [none]
[debug] [2023-03-04T01:43:45.420Z] >>> [apiv2][body] POST https://github.com/login/oauth/access_token [stream]
[debug] [2023-03-04T01:43:45.675Z] <<< [apiv2][status] POST https://github.com/login/oauth/access_token 200
[debug] [2023-03-04T01:43:45.676Z] <<< [apiv2][body] POST https://github.com/login/oauth/access_token {"access_token":"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","token_type":"bearer","scope":"read:user,repo"}
[debug] [2023-03-04T01:43:45.684Z] >>> [apiv2][query] GET https://api.github.com/user [none]
[debug] [2023-03-04T01:43:46.083Z] <<< [apiv2][status] GET https://api.github.com/user 200
[debug] [2023-03-04T01:43:46.083Z] <<< [apiv2][body] GET https://api.github.com/user {"login":"delgallc","id":109102890,"node_id":"U_kgDOBoDHKg","avatar_url":"https://avatars.githubusercontent.com/u/109102890?v=4","gravatar_id":"","url":"https://api.github.com/users/delgallc","html_url":"https://github.com/delgallc","followers_url":"https://api.github.com/users/delgallc/followers","following_url":"https://api.github.com/users/delgallc/following{/other_user}","gists_url":"https://api.github.com/users/delgallc/gists{/gist_id}","starred_url":"https://api.github.com/users/delgallc/starred{/owner}{/repo}","subscriptions_url":"https://api.github.com/users/delgallc/subscriptions","organizations_url":"https://api.github.com/users/delgallc/orgs","repos_url":"https://api.github.com/users/delgallc/repos","events_url":"https://api.github.com/users/delgallc/events{/privacy}","received_events_url":"https://api.github.com/users/delgallc/received_events","type":"User","site_admin":false,"name":"Delga LLC","company":null,"blog":"delga.tech","location":null,"email":null,"hireable":null,"bio":null,"twitter_username":null,"public_repos":0,"public_gists":0,"followers":1,"following":1,"created_at":"2022-07-11T18:05:30Z","updated_at":"2023-02-01T04:48:13Z","private_gists":0,"total_private_repos":0,"owned_private_repos":0,"disk_usage":0,"collaborators":0,"two_factor_authentication":false,"plan":{"name":"free","space":976562499,"collaborators":0,"private_repos":10000}}
[info] 
[info] ✔  Success! Logged into GitHub as delgallc 
[info] 
[debug] [2023-03-04T01:45:11.596Z] >>> [apiv2][query] GET https://api.github.com/repos/delga-tech/univ-santiago/actions/secrets/public-key type=owner
[debug] [2023-03-04T01:45:11.952Z] <<< [apiv2][status] GET https://api.github.com/repos/delga-tech/univ-santiago/actions/secrets/public-key 404
[debug] [2023-03-04T01:45:11.953Z] <<< [apiv2][body] GET https://api.github.com/repos/delga-tech/univ-santiago/actions/secrets/public-key {"message":"Not Found","documentation_url":"https://docs.github.com/rest/reference/actions#get-a-repository-public-key"}
[debug] [2023-03-04T01:45:33.467Z] >>> [apiv2][query] GET https://api.github.com/repos/delga-tech/univ-santiago/actions/secrets/public-key type=owner
[debug] [2023-03-04T01:45:33.656Z] <<< [apiv2][status] GET https://api.github.com/repos/delga-tech/univ-santiago/actions/secrets/public-key 404
[debug] [2023-03-04T01:45:33.656Z] <<< [apiv2][body] GET https://api.github.com/repos/delga-tech/univ-santiago/actions/secrets/public-key {"message":"Not Found","documentation_url":"https://docs.github.com/rest/reference/actions#get-a-repository-public-key"}
[debug] [2023-03-04T01:45:51.074Z] >>> [apiv2][query] GET https://api.github.com/repos/delga-tech/univ-santiago/actions/secrets/public-key type=owner
[debug] [2023-03-04T01:45:51.376Z] <<< [apiv2][status] GET https://api.github.com/repos/delga-tech/univ-santiago/actions/secrets/public-key 404
[debug] [2023-03-04T01:45:51.376Z] <<< [apiv2][body] GET https://api.github.com/repos/delga-tech/univ-santiago/actions/secrets/public-key {"message":"Not Found","documentation_url":"https://docs.github.com/rest/reference/actions#get-a-repository-public-key"}
[debug] [2023-03-04T01:46:42.575Z] >>> [apiv2][query] GET https://api.github.com/repos/delga-tech/univ-santiago/actions/secrets/public-key type=owner
[debug] [2023-03-04T01:46:42.786Z] <<< [apiv2][status] GET https://api.github.com/repos/delga-tech/univ-santiago/actions/secrets/public-key 404
[debug] [2023-03-04T01:46:42.786Z] <<< [apiv2][body] GET https://api.github.com/repos/delga-tech/univ-santiago/actions/secrets/public-key {"message":"Not Found","documentation_url":"https://docs.github.com/rest/reference/actions#get-a-repository-public-key"}
[debug] [2023-03-04T01:46:43.420Z] >>> [apiv2][query] GET https://api.github.com/repos/delga-tech/univ-santiago/actions/secrets/public-key type=owner
[debug] [2023-03-04T01:46:43.503Z] <<< [apiv2][status] GET https://api.github.com/repos/delga-tech/univ-santiago/actions/secrets/public-key 404
[debug] [2023-03-04T01:46:43.504Z] <<< [apiv2][body] GET https://api.github.com/repos/delga-tech/univ-santiago/actions/secrets/public-key {"message":"Not Found","documentation_url":"https://docs.github.com/rest/reference/actions#get-a-repository-public-key"}
[debug] [2023-03-04T01:46:43.630Z] >>> [apiv2][query] GET https://api.github.com/repos/delga-tech/univ-santiago/actions/secrets/public-key type=owner
[debug] [2023-03-04T01:46:43.899Z] <<< [apiv2][status] GET https://api.github.com/repos/delga-tech/univ-santiago/actions/secrets/public-key 404
[debug] [2023-03-04T01:46:43.899Z] <<< [apiv2][body] GET https://api.github.com/repos/delga-tech/univ-santiago/actions/secrets/public-key {"message":"Not Found","documentation_url":"https://docs.github.com/rest/reference/actions#get-a-repository-public-key"}
[debug] [2023-03-04T01:46:55.942Z] >>> [apiv2][query] GET https://api.github.com/repos/delgallc/univ-santiago/actions/secrets/public-key type=owner
[debug] [2023-03-04T01:46:56.246Z] <<< [apiv2][status] GET https://api.github.com/repos/delgallc/univ-santiago/actions/secrets/public-key 404
[debug] [2023-03-04T01:46:56.246Z] <<< [apiv2][body] GET https://api.github.com/repos/delgallc/univ-santiago/actions/secrets/public-key {"message":"Not Found","documentation_url":"https://docs.github.com/rest/reference/actions#get-a-repository-public-key"}
[debug] [2023-03-04T01:46:56.733Z] >>> [apiv2][query] GET https://api.github.com/repos/delgallc/univ-santiago/actions/secrets/public-key type=owner
[debug] [2023-03-04T01:46:56.826Z] <<< [apiv2][status] GET https://api.github.com/repos/delgallc/univ-santiago/actions/secrets/public-key 404
[debug] [2023-03-04T01:46:56.826Z] <<< [apiv2][body] GET https://api.github.com/repos/delgallc/univ-santiago/actions/secrets/public-key {"message":"Not Found","documentation_url":"https://docs.github.com/rest/reference/actions#get-a-repository-public-key"}
[debug] [2023-03-04T01:46:57.328Z] >>> [apiv2][query] GET https://api.github.com/repos/delgallc/univ-santiago/actions/secrets/public-key type=owner
[debug] [2023-03-04T01:46:57.419Z] <<< [apiv2][status] GET https://api.github.com/repos/delgallc/univ-santiago/actions/secrets/public-key 404
[debug] [2023-03-04T01:46:57.419Z] <<< [apiv2][body] GET https://api.github.com/repos/delgallc/univ-santiago/actions/secrets/public-key {"message":"Not Found","documentation_url":"https://docs.github.com/rest/reference/actions#get-a-repository-public-key"}
[debug] [2023-03-04T01:46:57.641Z] >>> [apiv2][query] GET https://api.github.com/repos/delgallc/univ-santiago/actions/secrets/public-key type=owner
[debug] [2023-03-04T01:46:57.829Z] <<< [apiv2][status] GET https://api.github.com/repos/delgallc/univ-santiago/actions/secrets/public-key 404
[debug] [2023-03-04T01:46:57.830Z] <<< [apiv2][body] GET https://api.github.com/repos/delgallc/univ-santiago/actions/secrets/public-key {"message":"Not Found","documentation_url":"https://docs.github.com/rest/reference/actions#get-a-repository-public-key"}
[debug] [2023-03-04T01:47:03.988Z] >>> [apiv2][query] GET https://api.github.com/repos/delgallc/delga-tech/actions/secrets/public-key type=owner
[debug] [2023-03-04T01:47:04.277Z] <<< [apiv2][status] GET https://api.github.com/repos/delgallc/delga-tech/actions/secrets/public-key 404
[debug] [2023-03-04T01:47:04.277Z] <<< [apiv2][body] GET https://api.github.com/repos/delgallc/delga-tech/actions/secrets/public-key {"message":"Not Found","documentation_url":"https://docs.github.com/rest/reference/actions#get-a-repository-public-key"}
[debug] [2023-03-04T01:47:04.575Z] >>> [apiv2][query] GET https://api.github.com/repos/delgallc/delga-tech/actions/secrets/public-key type=owner
[debug] [2023-03-04T01:47:04.699Z] <<< [apiv2][status] GET https://api.github.com/repos/delgallc/delga-tech/actions/secrets/public-key 404
[debug] [2023-03-04T01:47:04.699Z] <<< [apiv2][body] GET https://api.github.com/repos/delgallc/delga-tech/actions/secrets/public-key {"message":"Not Found","documentation_url":"https://docs.github.com/rest/reference/actions#get-a-repository-public-key"}
[debug] [2023-03-04T01:47:04.754Z] >>> [apiv2][query] GET https://api.github.com/repos/delgallc/delga-tech/actions/secrets/public-key type=owner
[debug] [2023-03-04T01:47:04.827Z] <<< [apiv2][status] GET https://api.github.com/repos/delgallc/delga-tech/actions/secrets/public-key 404
[debug] [2023-03-04T01:47:04.827Z] <<< [apiv2][body] GET https://api.github.com/repos/delgallc/delga-tech/actions/secrets/public-key {"message":"Not Found","documentation_url":"https://docs.github.com/rest/reference/actions#get-a-repository-public-key"}
[debug] [2023-03-04T01:47:10.159Z] >>> [apiv2][query] GET https://api.github.com/repos/delgallc/delga-tech/univ-santiago/actions/secrets/public-key type=owner
[debug] [2023-03-04T01:47:10.730Z] <<< [apiv2][status] GET https://api.github.com/repos/delgallc/delga-tech/univ-santiago/actions/secrets/public-key 404
[debug] [2023-03-04T01:47:10.730Z] <<< [apiv2][body] GET https://api.github.com/repos/delgallc/delga-tech/univ-santiago/actions/secrets/public-key {"message":"Not Found","documentation_url":"https://docs.github.com/rest"}
[debug] [2023-03-04T01:47:10.763Z] >>> [apiv2][query] GET https://api.github.com/repos/delgallc/delga-tech/univ-santiago/actions/secrets/public-key type=owner
[debug] [2023-03-04T01:47:10.928Z] <<< [apiv2][status] GET https://api.github.com/repos/delgallc/delga-tech/univ-santiago/actions/secrets/public-key 404
[debug] [2023-03-04T01:47:10.928Z] <<< [apiv2][body] GET https://api.github.com/repos/delgallc/delga-tech/univ-santiago/actions/secrets/public-key {"message":"Not Found","documentation_url":"https://docs.github.com/rest"}
[debug] [2023-03-04T01:47:10.959Z] >>> [apiv2][query] GET https://api.github.com/repos/delgallc/delga-tech/univ-santiago/actions/secrets/public-key type=owner
[debug] [2023-03-04T01:47:11.031Z] <<< [apiv2][status] GET https://api.github.com/repos/delgallc/delga-tech/univ-santiago/actions/secrets/public-key 404
[debug] [2023-03-04T01:47:11.032Z] <<< [apiv2][body] GET https://api.github.com/repos/delgallc/delga-tech/univ-santiago/actions/secrets/public-key {"message":"Not Found","documentation_url":"https://docs.github.com/rest"}
[debug] [2023-03-04T01:49:02.765Z] >>> [apiv2][query] GET https://api.github.com/repos/delga-tech/univ-santiago/actions/secrets/public-key type=owner
[debug] [2023-03-04T01:49:03.121Z] <<< [apiv2][status] GET https://api.github.com/repos/delga-tech/univ-santiago/actions/secrets/public-key 404
[debug] [2023-03-04T01:49:03.121Z] <<< [apiv2][body] GET https://api.github.com/repos/delga-tech/univ-santiago/actions/secrets/public-key {"message":"Not Found","documentation_url":"https://docs.github.com/rest/reference/actions#get-a-repository-public-key"}
[debug] [2023-03-04T01:49:03.260Z] >>> [apiv2][query] GET https://api.github.com/repos/delga-tech/univ-santiago/actions/secrets/public-key type=owner
[debug] [2023-03-04T01:49:03.359Z] <<< [apiv2][status] GET https://api.github.com/repos/delga-tech/univ-santiago/actions/secrets/public-key 404
[debug] [2023-03-04T01:49:03.359Z] <<< [apiv2][body] GET https://api.github.com/repos/delga-tech/univ-santiago/actions/secrets/public-key {"message":"Not Found","documentation_url":"https://docs.github.com/rest/reference/actions#get-a-repository-public-key"}
[debug] [2023-03-04T01:49:03.463Z] >>> [apiv2][query] GET https://api.github.com/repos/delga-tech/univ-santiago/actions/secrets/public-key type=owner
[debug] [2023-03-04T01:49:03.643Z] <<< [apiv2][status] GET https://api.github.com/repos/delga-tech/univ-santiago/actions/secrets/public-key 404
[debug] [2023-03-04T01:49:03.643Z] <<< [apiv2][body] GET https://api.github.com/repos/delga-tech/univ-santiago/actions/secrets/public-key {"message":"Not Found","documentation_url":"https://docs.github.com/rest/reference/actions#get-a-repository-public-key"}
[debug] [2023-03-04T01:49:05.223Z] >>> [apiv2][query] GET https://api.github.com/repos/delga-tech/univ-santiago/actions/secrets/public-key type=owner
[debug] [2023-03-04T01:49:05.317Z] <<< [apiv2][status] GET https://api.github.com/repos/delga-tech/univ-santiago/actions/secrets/public-key 404
[debug] [2023-03-04T01:49:05.317Z] <<< [apiv2][body] GET https://api.github.com/repos/delga-tech/univ-santiago/actions/secrets/public-key {"message":"Not Found","documentation_url":"https://docs.github.com/rest/reference/actions#get-a-repository-public-key"}
[debug] [2023-03-04T01:49:05.426Z] >>> [apiv2][query] GET https://api.github.com/repos/delga-tech/univ-santiago/actions/secrets/public-key type=owner
[debug] [2023-03-04T01:49:05.503Z] <<< [apiv2][status] GET https://api.github.com/repos/delga-tech/univ-santiago/actions/secrets/public-key 404
[debug] [2023-03-04T01:49:05.504Z] <<< [apiv2][body] GET https://api.github.com/repos/delga-tech/univ-santiago/actions/secrets/public-key {"message":"Not Found","documentation_url":"https://docs.github.com/rest/reference/actions#get-a-repository-public-key"}
[debug] [2023-03-04T01:49:05.609Z] >>> [apiv2][query] GET https://api.github.com/repos/delga-tech/univ-santiago/actions/secrets/public-key type=owner
[debug] [2023-03-04T01:49:05.740Z] <<< [apiv2][status] GET https://api.github.com/repos/delga-tech/univ-santiago/actions/secrets/public-key 404
[debug] [2023-03-04T01:49:05.741Z] <<< [apiv2][body] GET https://api.github.com/repos/delga-tech/univ-santiago/actions/secrets/public-key {"message":"Not Found","documentation_url":"https://docs.github.com/rest/reference/actions#get-a-repository-public-key"}
[debug] [2023-03-04T01:49:12.685Z] >>> [apiv2][query] GET https://api.github.com/repos/delga-tech/actions/secrets/public-key type=owner
[debug] [2023-03-04T01:49:12.817Z] <<< [apiv2][status] GET https://api.github.com/repos/delga-tech/actions/secrets/public-key 404
[debug] [2023-03-04T01:49:12.817Z] <<< [apiv2][body] GET https://api.github.com/repos/delga-tech/actions/secrets/public-key {"message":"Not Found","documentation_url":"https://docs.github.com/rest"}
[debug] [2023-03-04T01:49:13.117Z] >>> [apiv2][query] GET https://api.github.com/repos/delga-tech/actions/secrets/public-key type=owner
[debug] [2023-03-04T01:49:13.209Z] <<< [apiv2][status] GET https://api.github.com/repos/delga-tech/actions/secrets/public-key 404
[debug] [2023-03-04T01:49:13.210Z] <<< [apiv2][body] GET https://api.github.com/repos/delga-tech/actions/secrets/public-key {"message":"Not Found","documentation_url":"https://docs.github.com/rest"}
[debug] [2023-03-04T01:49:13.310Z] >>> [apiv2][query] GET https://api.github.com/repos/delga-tech/actions/secrets/public-key type=owner
[debug] [2023-03-04T01:49:13.385Z] <<< [apiv2][status] GET https://api.github.com/repos/delga-tech/actions/secrets/public-key 404
[debug] [2023-03-04T01:49:13.385Z] <<< [apiv2][body] GET https://api.github.com/repos/delga-tech/actions/secrets/public-key {"message":"Not Found","documentation_url":"https://docs.github.com/rest"}
[debug] [2023-03-04T01:49:20.145Z] >>> [apiv2][query] GET https://api.github.com/repos/delgallc/delga-tech/actions/secrets/public-key type=owner
[debug] [2023-03-04T01:49:20.424Z] <<< [apiv2][status] GET https://api.github.com/repos/delgallc/delga-tech/actions/secrets/public-key 404
[debug] [2023-03-04T01:49:20.424Z] <<< [apiv2][body] GET https://api.github.com/repos/delgallc/delga-tech/actions/secrets/public-key {"message":"Not Found","documentation_url":"https://docs.github.com/rest/reference/actions#get-a-repository-public-key"}
[debug] [2023-03-04T01:49:20.631Z] >>> [apiv2][query] GET https://api.github.com/repos/delgallc/delga-tech/actions/secrets/public-key type=owner
[debug] [2023-03-04T01:49:20.696Z] <<< [apiv2][status] GET https://api.github.com/repos/delgallc/delga-tech/actions/secrets/public-key 404
[debug] [2023-03-04T01:49:20.697Z] <<< [apiv2][body] GET https://api.github.com/repos/delgallc/delga-tech/actions/secrets/public-key {"message":"Not Found","documentation_url":"https://docs.github.com/rest/reference/actions#get-a-repository-public-key"}
[debug] [2023-03-04T01:49:20.772Z] >>> [apiv2][query] GET https://api.github.com/repos/delgallc/delga-tech/actions/secrets/public-key type=owner
[debug] [2023-03-04T01:49:20.947Z] <<< [apiv2][status] GET https://api.github.com/repos/delgallc/delga-tech/actions/secrets/public-key 404
[debug] [2023-03-04T01:49:20.947Z] <<< [apiv2][body] GET https://api.github.com/repos/delgallc/delga-tech/actions/secrets/public-key {"message":"Not Found","documentation_url":"https://docs.github.com/rest/reference/actions#get-a-repository-public-key"}
[debug] [2023-03-04T01:49:23.493Z] >>> [apiv2][query] GET https://api.github.com/repos/delgallc//actions/secrets/public-key type=owner
[debug] [2023-03-04T01:49:23.643Z] <<< [apiv2][status] GET https://api.github.com/repos/delgallc//actions/secrets/public-key 404
[debug] [2023-03-04T01:49:23.643Z] <<< [apiv2][body] GET https://api.github.com/repos/delgallc//actions/secrets/public-key {"message":"Not Found","documentation_url":"https://docs.github.com/rest"}
[debug] [2023-03-04T01:49:23.690Z] >>> [apiv2][query] GET https://api.github.com/repos/delgallc//actions/secrets/public-key type=owner
[debug] [2023-03-04T01:49:23.759Z] <<< [apiv2][status] GET https://api.github.com/repos/delgallc//actions/secrets/public-key 404
[debug] [2023-03-04T01:49:23.759Z] <<< [apiv2][body] GET https://api.github.com/repos/delgallc//actions/secrets/public-key {"message":"Not Found","documentation_url":"https://docs.github.com/rest"}
[debug] [2023-03-04T01:49:23.836Z] >>> [apiv2][query] GET https://api.github.com/repos/delgallc//actions/secrets/public-key type=owner
[debug] [2023-03-04T01:49:23.902Z] <<< [apiv2][status] GET https://api.github.com/repos/delgallc//actions/secrets/public-key 404
[debug] [2023-03-04T01:49:23.902Z] <<< [apiv2][body] GET https://api.github.com/repos/delgallc//actions/secrets/public-key {"message":"Not Found","documentation_url":"https://docs.github.com/rest"}
[debug] [2023-03-04T01:49:26.839Z] >>> [apiv2][query] GET https://api.github.com/repos//actions/secrets/public-key type=owner
[debug] [2023-03-04T01:49:26.924Z] <<< [apiv2][status] GET https://api.github.com/repos//actions/secrets/public-key 404
[debug] [2023-03-04T01:49:26.925Z] <<< [apiv2][body] GET https://api.github.com/repos//actions/secrets/public-key {"message":"Not Found","documentation_url":"https://docs.github.com/rest"}
[debug] [2023-03-04T01:49:27.158Z] >>> [apiv2][query] GET https://api.github.com/repos//actions/secrets/public-key type=owner
[debug] [2023-03-04T01:49:27.289Z] <<< [apiv2][status] GET https://api.github.com/repos//actions/secrets/public-key 404
[debug] [2023-03-04T01:49:27.289Z] <<< [apiv2][body] GET https://api.github.com/repos//actions/secrets/public-key {"message":"Not Found","documentation_url":"https://docs.github.com/rest"}
[debug] [2023-03-04T01:52:19.671Z] >>> [apiv2][query] GET https://api.github.com/repos//actions/secrets/public-key type=owner
[debug] [2023-03-04T01:52:19.848Z] >>> [apiv2][query] GET https://api.github.com/repos//actions/secrets/public-key type=owner
[debug] [2023-03-04T01:52:19.891Z] <<< [apiv2][status] GET https://api.github.com/repos//actions/secrets/public-key 404
[debug] [2023-03-04T01:52:19.891Z] <<< [apiv2][body] GET https://api.github.com/repos//actions/secrets/public-key {"message":"Not Found","documentation_url":"https://docs.github.com/rest"}
[debug] [2023-03-04T01:52:19.990Z] <<< [apiv2][status] GET https://api.github.com/repos//actions/secrets/public-key 404
[debug] [2023-03-04T01:52:19.990Z] <<< [apiv2][body] GET https://api.github.com/repos//actions/secrets/public-key {"message":"Not Found","documentation_url":"https://docs.github.com/rest"}
[debug] [2023-03-04T01:52:20.013Z] >>> [apiv2][query] GET https://api.github.com/repos//actions/secrets/public-key type=owner
[debug] [2023-03-04T01:52:20.176Z] >>> [apiv2][query] GET https://api.github.com/repos//actions/secrets/public-key type=owner
[debug] [2023-03-04T01:52:20.247Z] <<< [apiv2][status] GET https://api.github.com/repos//actions/secrets/public-key 404
[debug] [2023-03-04T01:52:20.247Z] <<< [apiv2][body] GET https://api.github.com/repos//actions/secrets/public-key {"message":"Not Found","documentation_url":"https://docs.github.com/rest"}
[debug] [2023-03-04T01:52:20.300Z] <<< [apiv2][status] GET https://api.github.com/repos//actions/secrets/public-key 404
[debug] [2023-03-04T01:52:20.300Z] <<< [apiv2][body] GET https://api.github.com/repos//actions/secrets/public-key {"message":"Not Found","documentation_url":"https://docs.github.com/rest"}
