[debug] [2023-03-04T02:37:44.777Z] ----------------------------------------------------------------------
[debug] [2023-03-04T02:37:44.779Z] Command:       /opt/homebrew/Cellar/node/19.3.0/bin/node /opt/homebrew/bin/firebase init hosting
[debug] [2023-03-04T02:37:44.779Z] CLI Version:   11.24.0
[debug] [2023-03-04T02:37:44.779Z] Platform:      darwin
[debug] [2023-03-04T02:37:44.779Z] Node Version:  v19.3.0
[debug] [2023-03-04T02:37:44.779Z] Time:          Fri Mar 03 2023 21:37:44 GMT-0500 (Eastern Standard Time)
[debug] [2023-03-04T02:37:44.779Z] ----------------------------------------------------------------------
[debug] 
[debug] [2023-03-04T02:37:44.782Z] > command requires scopes: ["email","openid","https://www.googleapis.com/auth/cloudplatformprojects.readonly","https://www.googleapis.com/auth/firebase","https://www.googleapis.com/auth/cloud-platform"]
[debug] [2023-03-04T02:37:44.782Z] > authorizing via signed-in user (evandro@delga.tech)
[info] 
     ######## #### ########  ######## ########     ###     ######  ########
     ##        ##  ##     ## ##       ##     ##  ##   ##  ##       ##
     ######    ##  ########  ######   ########  #########  ######  ######
     ##        ##  ##    ##  ##       ##     ## ##     ##       ## ##
     ##       #### ##     ## ######## ########  ##     ##  ######  ########

You're about to initialize a Firebase project in this directory:

  /Users/evandrodelgado/Documents/GitHub/univ-santiago

[info] 
=== Project Setup
[info] 
[info] First, let's associate this project directory with a Firebase project.
[info] You can create multiple project aliases by running firebase use --add, 
[info] but for now we'll just set up a default project.
[info] 
[debug] [2023-03-04T02:37:46.555Z] >>> [apiv2][query] GET https://firebase.googleapis.com/v1beta1/projects pageSize=100
[debug] [2023-03-04T02:37:47.147Z] <<< [apiv2][status] GET https://firebase.googleapis.com/v1beta1/projects 200
[debug] [2023-03-04T02:37:47.147Z] <<< [apiv2][body] GET https://firebase.googleapis.com/v1beta1/projects [omitted]
[info] i  Using project us-website-6b521 (us-website) 
[info] 
=== Hosting Setup
[info] 
[info] Your public directory is the folder (relative to your project directory) that
[info] will contain Hosting assets to be uploaded with firebase deploy. If you
[info] have a build process for your assets, use your build's output directory.
[info] 
